<?xml version="1.0" encoding="UTF-8"?>
<!-- Generated by org.testng.reporters.JUnitXMLReporter -->
<testsuite ignored="2" hostname="Gayathri_27" failures="0" tests="2" name="Test" time="42.643" errors="0" timestamp="2024-03-13T17:20:08 IST">
  <testcase classname="contactsTests.CreateNewLeadsTest" name="createLeadsWithMandatoryfeilds" time="10.346"/>
  <testcase classname="contactsTests.CreateNewContactTest" name="createContactWithMandatoryfeilds" time="12.126"/>
  <testcase classname="genericUtilites.BaseClass" name="@BeforeSuite bsConfig" time="0.0">
    <ignored/>
  </testcase> <!-- @BeforeSuite bsConfig -->
  <testcase classname="genericUtilites.BaseClass" name="@AfterSuite acConfig" time="0.0">
    <ignored/>
  </testcase> <!-- @AfterSuite acConfig -->
</testsuite> <!-- Test -->
