<?xml version="1.0" encoding="UTF-8"?>
<!-- Generated by org.testng.reporters.JUnitXMLReporter -->
<testsuite ignored="4" hostname="Gayathri_27" failures="0" tests="5" name="Test" time="79.104" errors="0" timestamp="2024-04-10T20:26:41 IST">
  <testcase classname="contactsTests.CreateNewContactTest" name="createContactWithMandatoryfeilds" time="8.956"/>
  <testcase classname="contactsTests.CreateNewContactTest" name="sample" time="0.002"/>
  <testcase classname="contactsTests.CreateContactWithLeadSourceTest" name="createContactWithLead" time="8.96"/>
  <testcase classname="contactsTests.CreateNewProductTest" name="createProductWithMandatoryfeilds" time="18.038"/>
  <testcase classname="contactsTests.CreateNewLeadsTest" name="createLeadsWithMandatoryfeilds" time="9.281"/>
  <testcase classname="genericUtilites.BaseClass" name="@AfterSuite acConfig" time="0.0">
    <ignored/>
  </testcase> <!-- @AfterSuite acConfig -->
  <testcase classname="genericUtilites.BaseClass" name="@BeforeSuite bsConfig" time="0.0">
    <ignored/>
  </testcase> <!-- @BeforeSuite bsConfig -->
  <testcase classname="genericUtilites.BaseClass" name="@BeforeSuite bsConfig" time="0.0">
    <ignored/>
  </testcase> <!-- @BeforeSuite bsConfig -->
  <testcase classname="genericUtilites.BaseClass" name="@AfterSuite acConfig" time="0.0">
    <ignored/>
  </testcase> <!-- @AfterSuite acConfig -->
</testsuite> <!-- Test -->
