<?xml version="1.0" encoding="UTF-8"?>
<testng-results ignored="0" total="5" passed="5" failed="0" skipped="0">
  <reporter-output>
  </reporter-output>
  <suite started-at="2024-04-10T20:25:22 IST" name="Suite" finished-at="2024-04-10T20:26:41 IST" duration-ms="79104">
    <groups>
      <group name="RegressionSuite">
        <method signature="CreateNewContactTest.createContactWithMandatoryfeilds()[pri:0, instance:contactsTests.CreateNewContactTest@f5958c9]" name="createContactWithMandatoryfeilds" class="contactsTests.CreateNewContactTest"/>
        <method signature="CreateNewLeadsTest.createLeadsWithMandatoryfeilds()[pri:0, instance:contactsTests.CreateNewLeadsTest@1fa121e2]" name="createLeadsWithMandatoryfeilds" class="contactsTests.CreateNewLeadsTest"/>
      </group> <!-- RegressionSuite -->
      <group name="SmokeSuite">
        <method signature="CreateNewContactTest.createContactWithMandatoryfeilds()[pri:0, instance:contactsTests.CreateNewContactTest@f5958c9]" name="createContactWithMandatoryfeilds" class="contactsTests.CreateNewContactTest"/>
      </group> <!-- SmokeSuite -->
    </groups>
    <test started-at="2024-04-10T20:25:22 IST" name="Test" finished-at="2024-04-10T20:26:41 IST" duration-ms="79104">
      <class name="contactsTests.CreateNewLeadsTest">
        <test-method is-config="true" signature="bcConfig()[pri:0, instance:contactsTests.CreateNewLeadsTest@1fa121e2]" started-at="2024-04-10T20:26:22 IST" name="bcConfig" finished-at="2024-04-10T20:26:26 IST" duration-ms="4023" status="PASS">
          <reporter-output>
          </reporter-output>
        </test-method> <!-- bcConfig -->
        <test-method is-config="true" signature="bmConfig()[pri:0, instance:contactsTests.CreateNewLeadsTest@1fa121e2]" started-at="2024-04-10T20:26:26 IST" name="bmConfig" finished-at="2024-04-10T20:26:29 IST" duration-ms="2956" status="PASS">
          <reporter-output>
          </reporter-output>
        </test-method> <!-- bmConfig -->
        <test-method signature="createLeadsWithMandatoryfeilds()[pri:0, instance:contactsTests.CreateNewLeadsTest@1fa121e2]" started-at="2024-04-10T20:26:29 IST" name="createLeadsWithMandatoryfeilds" finished-at="2024-04-10T20:26:39 IST" duration-ms="9281" status="PASS">
          <reporter-output>
          </reporter-output>
        </test-method> <!-- createLeadsWithMandatoryfeilds -->
        <test-method is-config="true" signature="amConfig()[pri:0, instance:contactsTests.CreateNewLeadsTest@1fa121e2]" started-at="2024-04-10T20:26:39 IST" name="amConfig" finished-at="2024-04-10T20:26:41 IST" duration-ms="2245" status="PASS">
          <reporter-output>
          </reporter-output>
        </test-method> <!-- amConfig -->
      </class> <!-- contactsTests.CreateNewLeadsTest -->
      <class name="contactsTests.CreateNewContactTest">
        <test-method is-config="true" signature="bsConfig()[pri:0, instance:contactsTests.CreateNewContactTest@f5958c9]" started-at="2024-04-10T20:25:22 IST" name="bsConfig" finished-at="2024-04-10T20:25:22 IST" duration-ms="17" status="PASS">
          <reporter-output>
          </reporter-output>
        </test-method> <!-- bsConfig -->
        <test-method is-config="true" signature="bcConfig()[pri:0, instance:contactsTests.CreateNewContactTest@f5958c9]" started-at="2024-04-10T20:25:22 IST" name="bcConfig" finished-at="2024-04-10T20:25:26 IST" duration-ms="4049" status="PASS">
          <reporter-output>
          </reporter-output>
        </test-method> <!-- bcConfig -->
        <test-method is-config="true" signature="bmConfig()[pri:0, instance:contactsTests.CreateNewContactTest@f5958c9]" started-at="2024-04-10T20:25:26 IST" name="bmConfig" finished-at="2024-04-10T20:25:29 IST" duration-ms="2779" status="PASS">
          <reporter-output>
          </reporter-output>
        </test-method> <!-- bmConfig -->
        <test-method signature="createContactWithMandatoryfeilds()[pri:0, instance:contactsTests.CreateNewContactTest@f5958c9]" started-at="2024-04-10T20:25:29 IST" name="createContactWithMandatoryfeilds" finished-at="2024-04-10T20:25:38 IST" duration-ms="8956" status="PASS">
          <reporter-output>
          </reporter-output>
        </test-method> <!-- createContactWithMandatoryfeilds -->
        <test-method is-config="true" signature="amConfig()[pri:0, instance:contactsTests.CreateNewContactTest@f5958c9]" started-at="2024-04-10T20:25:38 IST" name="amConfig" finished-at="2024-04-10T20:25:40 IST" duration-ms="2584" status="PASS">
          <reporter-output>
          </reporter-output>
        </test-method> <!-- amConfig -->
        <test-method is-config="true" signature="bmConfig()[pri:0, instance:contactsTests.CreateNewContactTest@f5958c9]" started-at="2024-04-10T20:25:40 IST" name="bmConfig" finished-at="2024-04-10T20:25:43 IST" duration-ms="2235" status="PASS">
          <reporter-output>
          </reporter-output>
        </test-method> <!-- bmConfig -->
        <test-method signature="sample()[pri:0, instance:contactsTests.CreateNewContactTest@f5958c9]" started-at="2024-04-10T20:25:43 IST" name="sample" finished-at="2024-04-10T20:25:43 IST" duration-ms="2" status="PASS">
          <reporter-output>
          </reporter-output>
        </test-method> <!-- sample -->
        <test-method is-config="true" signature="amConfig()[pri:0, instance:contactsTests.CreateNewContactTest@f5958c9]" started-at="2024-04-10T20:25:43 IST" name="amConfig" finished-at="2024-04-10T20:25:46 IST" duration-ms="3605" status="PASS">
          <reporter-output>
          </reporter-output>
        </test-method> <!-- amConfig -->
        <test-method is-config="true" signature="acConfig()[pri:0, instance:contactsTests.CreateNewContactTest@f5958c9]" started-at="2024-04-10T20:26:41 IST" name="acConfig" finished-at="2024-04-10T20:26:41 IST" duration-ms="200" status="PASS">
          <reporter-output>
          </reporter-output>
        </test-method> <!-- acConfig -->
      </class> <!-- contactsTests.CreateNewContactTest -->
      <class name="contactsTests.CreateContactWithLeadSourceTest">
        <test-method is-config="true" signature="bcConfig()[pri:0, instance:contactsTests.CreateContactWithLeadSourceTest@3b0090a4]" started-at="2024-04-10T20:25:46 IST" name="bcConfig" finished-at="2024-04-10T20:25:50 IST" duration-ms="3940" status="PASS">
          <reporter-output>
          </reporter-output>
        </test-method> <!-- bcConfig -->
        <test-method is-config="true" signature="bmConfig()[pri:0, instance:contactsTests.CreateContactWithLeadSourceTest@3b0090a4]" started-at="2024-04-10T20:25:50 IST" name="bmConfig" finished-at="2024-04-10T20:25:53 IST" duration-ms="2884" status="PASS">
          <reporter-output>
          </reporter-output>
        </test-method> <!-- bmConfig -->
        <test-method signature="createContactWithLead()[pri:0, instance:contactsTests.CreateContactWithLeadSourceTest@3b0090a4]" started-at="2024-04-10T20:25:53 IST" name="createContactWithLead" finished-at="2024-04-10T20:26:02 IST" duration-ms="8960" status="PASS">
          <reporter-output>
          </reporter-output>
        </test-method> <!-- createContactWithLead -->
        <test-method is-config="true" signature="amConfig()[pri:0, instance:contactsTests.CreateContactWithLeadSourceTest@3b0090a4]" started-at="2024-04-10T20:26:02 IST" name="amConfig" finished-at="2024-04-10T20:26:04 IST" duration-ms="2312" status="PASS">
          <reporter-output>
          </reporter-output>
        </test-method> <!-- amConfig -->
      </class> <!-- contactsTests.CreateContactWithLeadSourceTest -->
      <class name="contactsTests.CreateNewProductTest">
        <test-method signature="createProductWithMandatoryfeilds()[pri:0, instance:contactsTests.CreateNewProductTest@3cd3e762]" started-at="2024-04-10T20:26:04 IST" name="createProductWithMandatoryfeilds" finished-at="2024-04-10T20:26:22 IST" duration-ms="18038" status="PASS">
          <reporter-output>
          </reporter-output>
        </test-method> <!-- createProductWithMandatoryfeilds -->
      </class> <!-- contactsTests.CreateNewProductTest -->
    </test> <!-- Test -->
  </suite> <!-- Suite -->
</testng-results>
