<?xml version="1.0" encoding="UTF-8"?>
<testng-results ignored="0" total="2" passed="2" failed="0" skipped="0">
  <reporter-output>
  </reporter-output>
  <suite started-at="2024-04-15T10:57:43 IST" name="Default suite" finished-at="2024-04-15T10:58:11 IST" duration-ms="27757">
    <groups>
      <group name="RegressionSuite">
        <method signature="CreateNewContactTest.createContactWithMandatoryfeilds()[pri:0, instance:contactsTests.CreateNewContactTest@139982de]" name="createContactWithMandatoryfeilds" class="contactsTests.CreateNewContactTest"/>
      </group> <!-- RegressionSuite -->
      <group name="SmokeSuite">
        <method signature="CreateNewContactTest.createContactWithMandatoryfeilds()[pri:0, instance:contactsTests.CreateNewContactTest@139982de]" name="createContactWithMandatoryfeilds" class="contactsTests.CreateNewContactTest"/>
      </group> <!-- SmokeSuite -->
    </groups>
    <test started-at="2024-04-15T10:57:43 IST" name="Default test" finished-at="2024-04-15T10:58:11 IST" duration-ms="27757">
      <class name="contactsTests.CreateNewContactTest">
        <test-method is-config="true" signature="bsConfig()[pri:0, instance:contactsTests.CreateNewContactTest@139982de]" started-at="2024-04-15T10:57:43 IST" name="bsConfig" finished-at="2024-04-15T10:57:43 IST" duration-ms="10" status="PASS">
          <reporter-output>
          </reporter-output>
        </test-method> <!-- bsConfig -->
        <test-method is-config="true" signature="bcConfig()[pri:0, instance:contactsTests.CreateNewContactTest@139982de]" started-at="2024-04-15T10:57:43 IST" name="bcConfig" finished-at="2024-04-15T10:57:47 IST" duration-ms="3805" status="PASS">
          <reporter-output>
          </reporter-output>
        </test-method> <!-- bcConfig -->
        <test-method is-config="true" signature="bmConfig()[pri:0, instance:contactsTests.CreateNewContactTest@139982de]" started-at="2024-04-15T10:57:47 IST" name="bmConfig" finished-at="2024-04-15T10:57:50 IST" duration-ms="2770" status="PASS">
          <reporter-output>
          </reporter-output>
        </test-method> <!-- bmConfig -->
        <test-method signature="createContactWithMandatoryfeilds()[pri:0, instance:contactsTests.CreateNewContactTest@139982de]" started-at="2024-04-15T10:57:50 IST" name="createContactWithMandatoryfeilds" finished-at="2024-04-15T10:57:59 IST" duration-ms="9321" status="PASS">
          <reporter-output>
          </reporter-output>
        </test-method> <!-- createContactWithMandatoryfeilds -->
        <test-method is-config="true" signature="amConfig()[pri:0, instance:contactsTests.CreateNewContactTest@139982de]" started-at="2024-04-15T10:57:59 IST" name="amConfig" finished-at="2024-04-15T10:58:04 IST" duration-ms="4825" status="PASS">
          <reporter-output>
          </reporter-output>
        </test-method> <!-- amConfig -->
        <test-method is-config="true" signature="bmConfig()[pri:0, instance:contactsTests.CreateNewContactTest@139982de]" started-at="2024-04-15T10:58:04 IST" name="bmConfig" finished-at="2024-04-15T10:58:07 IST" duration-ms="2726" status="PASS">
          <reporter-output>
          </reporter-output>
        </test-method> <!-- bmConfig -->
        <test-method signature="sample()[pri:0, instance:contactsTests.CreateNewContactTest@139982de]" started-at="2024-04-15T10:58:07 IST" name="sample" finished-at="2024-04-15T10:58:07 IST" duration-ms="1" status="PASS">
          <reporter-output>
          </reporter-output>
        </test-method> <!-- sample -->
        <test-method is-config="true" signature="amConfig()[pri:0, instance:contactsTests.CreateNewContactTest@139982de]" started-at="2024-04-15T10:58:07 IST" name="amConfig" finished-at="2024-04-15T10:58:11 IST" duration-ms="4083" status="PASS">
          <reporter-output>
          </reporter-output>
        </test-method> <!-- amConfig -->
        <test-method is-config="true" signature="acConfig()[pri:0, instance:contactsTests.CreateNewContactTest@139982de]" started-at="2024-04-15T10:58:11 IST" name="acConfig" finished-at="2024-04-15T10:58:12 IST" duration-ms="237" status="PASS">
          <reporter-output>
          </reporter-output>
        </test-method> <!-- acConfig -->
      </class> <!-- contactsTests.CreateNewContactTest -->
    </test> <!-- Default test -->
  </suite> <!-- Default suite -->
</testng-results>
